Unable to capture context for thread 10828 in process 22692, can not generate back trace
Unable to capture context for thread 23400 in process 22692, can not generate back trace
Unable to capture context for thread 22544 in process 22692, can not generate back trace
Unable to capture context for thread 15700 in process 22692, can not generate back trace
Unable to capture context for thread 20292 in process 22692, can not generate back trace
Unable to capture context for thread 18856 in process 22692, can not generate back trace
Unable to capture context for thread 13400 in process 22692, can not generate back trace
Unable to capture context for thread 13880 in process 22692, can not generate back trace
Unable to capture context for thread 10120 in process 22692, can not generate back trace
Unable to capture context for thread 22436 in process 22692, can not generate back trace
Unable to capture context for thread 10584 in process 22692, can not generate back trace
Exception at PC 0x00007FFA4CFABB93
Printing stacktrace...

Unable to capture context for thread 13880 in process 22692, can not generate back trace
Exception at PC 0x00007FFAD20E3C58
Exception at PC 0x00007FFAD20E3C58
Exception at PC 0x00007FFAD20E3C58
Exception at PC 0x00007FFAD20E3C58
Exception at PC 0x00007FFAD20E3C58
Exception at PC 0x00007FFAD20E3C58
[0]  [0x00007FFA4CFABB93]
[1]  [0x00007FFA4CFABB93]
[2]  [0x00007FFA4CFAB4A1]
[3]  [0x00007FFA4CFAB459]
[4]  [0x00007FFA4CF919FE]
[5]  [0x00007FFA4CF90ED1]
[6]  [0x00007FFA4CF90D76]
[7]  [0x00007FFA4CF379F6]
[8]  [0x00007FFA4CF27AFB]
[9]  [0x00007FFA4D04E90A]
[10]  [0x00007FFA4D069F87]
[11]  [0x00007FFA4D06A05F]
[12] (BaseThreadInitThunk+0x14) [0x00007FFAD3718364]
[13] (RtlUserThreadStart+0x21) [0x00007FFAD5BA7091]
Done
Exception at PC 0x00007FFAD20E3C58
Exception at PC 0x00007FFAD20E3C58
Exception at PC 0x00007FFAD20E3C58
Exception at PC 0x00007FFAD20E3C58
Exception at PC 0x00007FFAD20E3C58
Exception at PC 0x00007FFAD20E3C58
Exception at PC 0x00007FFAD20E3C58
Exception at PC 0x00007FFAD20E3C58
Exception at PC 0x00007FFAD20E3C58
Exception at PC 0x00007FFAD20E3C58
Exception at PC 0x00007FFAD20E3C58
